{
  "stats": {
    "suites": 1,
    "tests": 1,
    "passes": 1,
    "pending": 0,
    "failures": 0,
    "start": "2025-04-04T11:45:12.237Z",
    "end": "2025-04-04T11:45:34.959Z",
    "duration": 22722,
    "testsRegistered": 1,
    "passPercent": 100,
    "pendingPercent": 0,
    "other": 0,
    "hasOther": false,
    "skipped": 0,
    "hasSkipped": false
  },
  "results": [
    {
      "uuid": "a82b51fa-9923-4a7a-a456-e0d4c17f225e",
      "title": "",
      "fullFile": "D:\\laragon\\www\\Porto Qa\\loista\\test\\konten_youtube.js",
      "file": "\\test\\konten_youtube.js",
      "beforeHooks": [],
      "afterHooks": [],
      "tests": [],
      "suites": [
        {
          "uuid": "b15329e1-114e-4b9d-8dcd-7e277cd905f0",
          "title": "Tes YouTube di halaman Loista",
          "fullFile": "D:\\laragon\\www\\Porto Qa\\loista\\test\\konten_youtube.js",
          "file": "\\test\\konten_youtube.js",
          "beforeHooks": [
            {
              "title": "\"before all\" hook in \"Tes YouTube di halaman Loista\"",
              "fullTitle": "Tes YouTube di halaman Loista \"before all\" hook in \"Tes YouTube di halaman Loista\"",
              "timedOut": false,
              "duration": 1054,
              "state": null,
              "speed": null,
              "pass": false,
              "fail": false,
              "pending": false,
              "context": null,
              "code": "driver = await new Builder().forBrowser(\"chrome\").build();",
              "err": {},
              "uuid": "479ff73b-acd1-43a8-b2da-9179ae2ea2ac",
              "parentUUID": "b15329e1-114e-4b9d-8dcd-7e277cd905f0",
              "isHook": true,
              "skipped": false
            }
          ],
          "afterHooks": [
            {
              "title": "\"after all\" hook in \"Tes YouTube di halaman Loista\"",
              "fullTitle": "Tes YouTube di halaman Loista \"after all\" hook in \"Tes YouTube di halaman Loista\"",
              "timedOut": false,
              "duration": 130,
              "state": null,
              "speed": null,
              "pass": false,
              "fail": false,
              "pending": false,
              "context": null,
              "code": "await driver.quit();",
              "err": {},
              "uuid": "403429b7-e9c5-4a55-adf0-2186b8e6b8d2",
              "parentUUID": "b15329e1-114e-4b9d-8dcd-7e277cd905f0",
              "isHook": true,
              "skipped": false
            }
          ],
          "tests": [
            {
              "title": "Klik tombol About dan mainkan video YouTube",
              "fullTitle": "Tes YouTube di halaman Loista Klik tombol About dan mainkan video YouTube",
              "timedOut": false,
              "duration": 21531,
              "state": "passed",
              "speed": "slow",
              "pass": true,
              "fail": false,
              "pending": false,
              "context": null,
              "code": "// 1. Buka halaman utama\nawait driver.get(\"https://loista.co.id/home\");\nawait driver.manage().setTimeouts({ implicit: 10000 });\n// 2. Klik tombol \"See About Our Company\"\nconst aboutBtn = await driver.findElement(By.xpath(\"//a[contains(text(), 'See About Our Company')]\"));\nawait driver.executeScript(\"arguments[0].scrollIntoView({ behavior: 'smooth', block: 'center' })\", aboutBtn);\nawait driver.sleep(500);\nawait driver.actions({ bridge: true }).move({ origin: aboutBtn }).click().perform();\n// 3. Scroll ke bawah agar iframe terlihat\nawait driver.executeScript(\"window.scrollTo(0, document.body.scrollHeight)\");\nawait driver.sleep(1500);\n// 4. Temukan iframe YouTube dan masuk ke dalamnya\nconst iframe = await driver.findElement(By.css(\"iframe[src*='youtube.com']\"));\nawait driver.executeScript(\"arguments[0].scrollIntoView(true);\", iframe);\nawait driver.sleep(1000);\nawait driver.switchTo().frame(iframe);\n// 5. Tunggu tombol play dan klik\nawait driver.wait(until.elementLocated(By.css(\".ytp-cued-thumbnail-overlay\")), 10000);\nconst playButton = await driver.findElement(By.css(\".ytp-cued-thumbnail-overlay\"));\nawait playButton.click();\n// 6. Ambil screenshot setelah video diputar\nawait driver.sleep(3000);\nconst screenshot = await driver.takeScreenshot();\n// 7. Simpan screenshot ke folder\nconst folderPath = \"screenshots\";\nif (!fs.existsSync(folderPath)) {\n  fs.mkdirSync(folderPath);\n}\nfs.writeFileSync(`${folderPath}/screenshot-youtube.png`, screenshot, \"base64\");\nconsole.log(\"📸 Screenshot disimpan di screenshots/screenshot-youtube.png\");\n// 8. Assertion supaya test dianggap sukses\nassert.ok(true, \"Test berhasil dijalankan sampai akhir.\");",
              "err": {},
              "uuid": "227e9421-ea2c-4a04-8081-e9f2c20eade4",
              "parentUUID": "b15329e1-114e-4b9d-8dcd-7e277cd905f0",
              "isHook": false,
              "skipped": false
            }
          ],
          "suites": [],
          "passes": [
            "227e9421-ea2c-4a04-8081-e9f2c20eade4"
          ],
          "failures": [],
          "pending": [],
          "skipped": [],
          "duration": 21531,
          "root": false,
          "rootEmpty": false,
          "_timeout": 60000
        }
      ],
      "passes": [],
      "failures": [],
      "pending": [],
      "skipped": [],
      "duration": 0,
      "root": true,
      "rootEmpty": true,
      "_timeout": 2000
    }
  ],
  "meta": {
    "mocha": {
      "version": "11.1.0"
    },
    "mochawesome": {
      "options": {
        "quiet": false,
        "reportFilename": "mochawesome",
        "saveHtml": true,
        "saveJson": true,
        "consoleReporter": "spec",
        "useInlineDiffs": false,
        "code": true
      },
      "version": "7.1.3"
    },
    "marge": {
      "options": null,
      "version": "6.2.0"
    }
  }
}